[proficientclub.brizy.site/index.html]
[a-cloud.b-cdn.net/media/iW=32&iH=any/993279568d10b38870e8e6b5b7265a3d.png]
[a-cloud.b-cdn.net/media/iW=192&iH=any/993279568d10b38870e8e6b5b7265a3d.png]
[a-cloud.b-cdn.net/media/iW=180&iH=any/993279568d10b38870e8e6b5b7265a3d.png]
[backblue.gif]
[fade.gif]
[index.html]
[b-cloud.b-cdn.net/builds/free/196-cloud/editor/css/group-2.css]
[b-cloud.b-cdn.net/builds/free/196-cloud/editor/css/preview.css]
[a-cloud.b-cdn.net/media/iW=5000&iH=any/5987119c2e69c61f92dc1757c9aa1588.jpg]
[a-cloud.b-cdn.net/media/iW=5000&iH=any/9e17a378e56ee4c7c8b3147291fafa49.jpg]
[a-cloud.b-cdn.net/media/iW=5000&iH=any/3f79c4b5d449d73831b1f6b39eeefe83.jpg]
[a-cloud.b-cdn.net/media/iW=5000&iH=any/77fdfca014f72207f608f1bed7db7f63.jpg]
[a-cloud.b-cdn.net/media/iW=126&iH=126&oX=0&oY=36&cW=126&cH=54/595b957d672d03a53f7ab45383a86380.png]
[proficientclub.brizy.site/services.html]
[proficientclub.brizy.site/aboutus.html]
[proficientclub.brizy.site/contactus.html]
[a-cloud.b-cdn.net/media/iW=762&iH=508&oX=124&oY=0&cW=515&cH=508/e3eab2fd52fc88919cadb62de543c468.jpg]
[a-cloud.b-cdn.net/media/iW=765&iH=511&oX=131&oY=0&cW=503&cH=511/d07a1862ca6ebe0b22b4ee6d1243a865.jpg]
[a-cloud.b-cdn.net/media/iW=159&iH=156&oX=16&oY=0&cW=117&cH=88/ebf66f718bad6ea903cbf654c08800a0.jpg]
[a-cloud.b-cdn.net/media/iW=159&iH=240&oX=7&oY=23&cW=117&cH=88/1aa0391e9b303012c4a5a7b8dc48cf30.jpg]
[a-cloud.b-cdn.net/media/iW=111&iH=67&oX=0&oY=1&cW=111&cH=64/170d7a2e420993b4a46831cc609e8d1b.png]
[a-cloud.b-cdn.net/media/iW=54&iH=67&oX=1&oY=0&cW=53&cH=67/04a438834a40065bfe003b57231be706.png]
[a-cloud.b-cdn.net/media/iW=111&iH=30&oX=0&oY=0&cW=111&cH=29/d69c1df1e11b23f9f2a897798357c1bf.png]
[a-cloud.b-cdn.net/media/iW=93&iH=54&oX=0&oY=1&cW=93&cH=53/59eaf3b22651334c70469d9ef3195e97.png]
[a-cloud.b-cdn.net/media/iW=111&iH=30&oX=0&oY=1&cW=111&cH=28/9e1cfb4c317773c16684e5c318cf4b87.png]
[a-cloud.b-cdn.net/media/iW=88&iH=51&oX=0&oY=0&cW=88&cH=51/84c73e0d4facb88ff2e22fab9dc0ca96.png]
[a-cloud.b-cdn.net/media/iW=715&iH=474&oX=231&oY=0&cW=467&cH=474/c64fd40218f6ccbc45fa24b1ea686c48.jpg]
[a-cloud.b-cdn.net/media/iW=368&iH=414&oX=0&oY=19&cW=368&cH=377/87bda8faf9f50a335734f7be2b772d7c.jpg]
[a-cloud.b-cdn.net/media/iW=368&iH=414&oX=0&oY=21&cW=368&cH=372/e8bc71a921942455b49d9dc44e760d42.jpg]
[a-cloud.b-cdn.net/media/iW=233&iH=175&oX=0&oY=0&cW=233&cH=154/a6169bc4f00e03e098ecb2c18a40da76.png]
[a-cloud.b-cdn.net/media/iW=233&iH=175&oX=0&oY=10&cW=233&cH=156/36e927938606dbf7bc844308dadddd93.png]
[a-cloud.b-cdn.net/media/iW=467&iH=311&oX=75&oY=0&cW=233&cH=156/b12e8a5d2edc9134c7c4118f0f3216d0.jpg]
[a-cloud.b-cdn.net/media/iW=565&iH=311&oX=166&oY=78&cW=233&cH=155/1cc9af54a1e8810fa341414e9b8d7984.jpg]
[a-cloud.b-cdn.net/media/iW=233&iH=233&oX=0&oY=0&cW=233&cH=154/b33a0c2701684bf87f21b2e6659f9ea1.jpg]
[a-cloud.b-cdn.net/media/iW=301&iH=155&oX=34&oY=0&cW=233&cH=155/c67f7d030f80b2f65a3939622aeaa422.jpg]
[a-cloud.b-cdn.net/media/iW=467&iH=467&oX=56&oY=43&cW=233&cH=156/8dcd9c84812b81bfb405324cdf480b34.jpg]
[a-cloud.b-cdn.net/media/iW=467&iH=467&oX=117&oY=155&cW=233&cH=156/453fd27087a7bba9014e2c9c10bd3755.jpg]
[a-cloud.b-cdn.net/media/iW=187&iH=187&oX=0&oY=23&cW=187&cH=140/32ff9181b16db98e9742a1c776822c96.png]
[b-cloud.b-cdn.net/builds/free/196-cloud/editor/js/group-2.js]
[proficientclub.brizy.site/index.html]
[b-cloud.b-cdn.net/builds/free/196-cloud/editor/css/group-2.css]
[b-cloud.b-cdn.net/builds/free/196-cloud/editor/css/preview.css]
[b-cloud.b-cdn.net/builds/free/196-cloud/editor/js/preview.js]
[a-cloud.b-cdn.net/media/iW=5000&iH=any/ecfd88e72a53fe53ac5ca71dcf9e752c.jpg]
[a-cloud.b-cdn.net/media/iW=555&iH=782&oX=0&oY=211&cW=555&cH=548/e3959c03766425afcfa8bd16e72fb505b6221ae1.jpg]
[a-cloud.b-cdn.net/media/iW=160&iH=160&oX=0&oY=0&cW=160&cH=160/8e27938eef48750b66f2c1642dc0c1a6b8eb64fa.jpg]
[a-cloud.b-cdn.net/media/iW=160&iH=160&oX=0&oY=0&cW=160&cH=160/a6eff2e1248bc9f109698722d06cb14668d029d4.jpg]
[a-cloud.b-cdn.net/media/iW=160&iH=160&oX=0&oY=0&cW=160&cH=160/c6a70296fe7ba65ddd74e69dd73c638c5761f68b.jpg]
[a-cloud.b-cdn.net/media/iW=927&iH=798&oX=214&oY=0&cW=555&cH=798/9819fdfd00810937d03ecd9c426a2394.jpg]
[a-cloud.b-cdn.net/media/iW=662&iH=662&oX=147&oY=0&cW=368&cH=662/b23cedf0eff297b9d5a16c1fdfce55b0.jpg]
[a-cloud.b-cdn.net/media/iW=747&iH=498&oX=189&oY=0&cW=368&cH=498/a7dda66c5f2b72687397ee1920b309b7.jpg]
[proficientclub.brizy.site/services.html]
[b-cloud.b-cdn.net/builds/free/196-cloud/editor/js/group-jq.js]
[a-cloud.b-cdn.net/media/iW=5000&iH=any/a1c3596ccb312a420b0a7cac1ac11bc9.jpg]
[a-cloud.b-cdn.net/media/iW=214&iH=143&oX=71&oY=0&cW=143&cH=143/669b4656e3bba46c4022cdd26beeca78.jpg]
[a-cloud.b-cdn.net/media/iW=360&iH=396&oX=0&oY=0&cW=360&cH=396/b9d4d5325d822f95036b58e290575765.jpg]
[a-cloud.b-cdn.net/media/iW=360&iH=396&oX=0&oY=0&cW=360&cH=396/4662bc0d3b3d8962893407d7b443e392.jpg]
[a-cloud.b-cdn.net/media/iW=361&iH=397&oX=0&oY=0&cW=361&cH=397/5352fea9b3f7584772132be2656f3d58.jpg]
[proficientclub.brizy.site/aboutus.html]
[b-cloud.b-cdn.net/builds/free/196-cloud/editor/css/group-1.css]
[proficientclub.brizy.site/contactus.html]
[b-cloud.b-cdn.net/builds/free/196-cloud/editor/css/group-1.css]
[b-cloud.b-cdn.net/builds/free/196-cloud/editor/js/group-1.js]
